<?xml version="1.0" encoding="UTF-8"?>
<!-- Generated by org.testng.reporters.JUnitXMLReporter -->
<testsuite hostname="LAPTOP-0QB2SFNV" name="Default test" tests="2" failures="0" timestamp="25 Jun 2018 18:17:52 GMT" time="6073.447" errors="0">
  <testcase name="TC00001_FacebookLoginTest" time="13.074" classname="com.dragon.test.FacebookTest"/>
  <testcase name="TC00002_SearchFriendAndVerifyProfileTest" time="6010.296" classname="com.dragon.test.FacebookTest"/>
</testsuite> <!-- Default test -->
